
****** PlanAhead v14.7
  **** Build 321239 by xbuild on Fri Sep 27 19:31:35 MDT 2013
    ** Copyright 1986-1999, 2001-2013 Xilinx, Inc. All Rights Reserved.

INFO: [Common 17-78] Attempting to get a license: PlanAhead
INFO: [Common 17-290] Got license for PlanAhead
INFO: [Device 21-36] Loading parts and site information from C:/Xilinx/14.7/ISE_DS/PlanAhead/data/parts/arch.xml
Parsing RTL primitives file [C:/Xilinx/14.7/ISE_DS/PlanAhead/data/parts/xilinx/rtl/prims/rtl_prims.xml]
Finished parsing RTL primitives file [C:/Xilinx/14.7/ISE_DS/PlanAhead/data/parts/xilinx/rtl/prims/rtl_prims.xml]
start_gui
source C:/Users/Bermuda/Desktop/ch2v/ex1vf/pa.fromHdl.tcl
# create_project -name ex1vf -dir "C:/Users/Bermuda/Desktop/ch2v/ex1vf/planAhead_run_3" -part xc3s400tq144-4
# set_param project.pinAheadLayout yes
# set srcset [get_property srcset [current_run -impl]]
# set_property target_constrs_file "ex2vf.ucf" [current_fileset -constrset]
Adding file 'C:/Users/Bermuda/Desktop/ch2v/ex1vf/ex2vf.ucf' to fileset 'constrs_1'
# set hdlfile [add_files [list {ex2vf.vhd}]]
# set_property file_type VHDL $hdlfile
# set_property library work $hdlfile
# set_property top ex2vf $srcset
# add_files [list {ex2vf.ucf}] -fileset [get_property constrset [current_run]]
# open_rtl_design -part xc3s400tq144-4
Using Verific elaboration
INFO: [Common 17-41] Interrupt caught. Command should exit soon.
Parsing VHDL file "C:/Xilinx/14.7/ISE_DS/PlanAhead/data/parts/xilinx/rtl/lib/synplify/synattr.vhd" into library synplify
Parsing VHDL file "C:/Xilinx/14.7/ISE_DS/PlanAhead/data/parts/xilinx/rtl/lib/synplify/synattr.vhd" into library synplify
Parsing VHDL file "C:/Users/Bermuda/Desktop/ch2v/ex1vf/ex2vf.vhd" into library work
INFO: [Designutils 20-910] Reading macro library C:/Xilinx/14.7/ISE_DS/PlanAhead/data\./parts/xilinx/spartan3/hd_int_macros.edn
Parsing EDIF File [C:/Xilinx/14.7/ISE_DS/PlanAhead/data\./parts/xilinx/spartan3/hd_int_macros.edn]
INFO: [Common 17-344] 'open_rtl_design' was cancelled
INFO: [Common 17-344] 'source' was cancelled
update_compile_order -fileset sim_1
exit
ERROR: [Common 17-39] 'stop_gui' failed due to earlier errors.
INFO: [Common 17-206] Exiting PlanAhead at Mon Jan 22 13:39:56 2018...
INFO: [Common 17-83] Releasing license: PlanAhead
