#-----------------------------------------------------------
# PlanAhead v14.7
# Build 321239 by xbuild on Fri Sep 27 19:31:35 MDT 2013
# Start of session at: Mon Jan 22 13:39:20 2018
# Process ID: 5404
# Log file: C:/Users/Bermuda/Desktop/ch2v/ex1vf/planAhead_run_2/planAhead.log
# Journal file: C:/Users/Bermuda/Desktop/ch2v/ex1vf/planAhead_run_2/planAhead.jou
#-----------------------------------------------------------
INFO: [Common 17-78] Attempting to get a license: PlanAhead
INFO: [Common 17-290] Got license for PlanAhead
INFO: [Device 21-36] Loading parts and site information from C:/Xilinx/14.7/ISE_DS/PlanAhead/data/parts/arch.xml
Parsing RTL primitives file [C:/Xilinx/14.7/ISE_DS/PlanAhead/data/parts/xilinx/rtl/prims/rtl_prims.xml]
Finished parsing RTL primitives file [C:/Xilinx/14.7/ISE_DS/PlanAhead/data/parts/xilinx/rtl/prims/rtl_prims.xml]
start_gui
source C:/Users/Bermuda/Desktop/ch2v/ex1vf/pa.fromNetlist.tcl
# create_project -name ex1vf -dir "C:/Users/Bermuda/Desktop/ch2v/ex1vf/planAhead_run_2" -part xc3s400tq144-4
create_project: Time (s): elapsed = 00:00:06 . Memory (MB): peak = 400.180 ; gain = 47.805
# set_property design_mode GateLvl [get_property srcset [current_run -impl]]
# set_property edif_top_file "C:/Users/Bermuda/Desktop/ch2v/ex1vf/ex2vf.ngc" [ get_property srcset [ current_run ] ]
# add_files -norecurse { {C:/Users/Bermuda/Desktop/ch2v/ex1vf} }
# set_param project.pinAheadLayout  yes
# set_property target_constrs_file "ex2vf.ucf" [current_fileset -constrset]
Adding file 'C:/Users/Bermuda/Desktop/ch2v/ex1vf/ex2vf.ucf' to fileset 'constrs_1'
# add_files [list {ex2vf.ucf}] -fileset [get_property constrset [current_run]]
# link_design
Design is defaulting to srcset: sources_1
Design is defaulting to constrset: constrs_1
Design is defaulting to project part: xc3s400tq144-4
Release 14.7 - ngc2edif P.20131013 (nt)
Copyright (c) 1995-2013 Xilinx, Inc.  All rights reserved.

Release 14.7 - ngc2edif P.20131013 (nt)
Copyright (c) 1995-2013 Xilinx, Inc.  All rights reserved.
Reading design ex2vf.ngc ...
WARNING:NetListWriters:298 - No output is written to ex2vf.xncf, ignored.
Processing design ...
   Preping design's networks ...
   Preping design's macros ...
  finished :Prep
Writing EDIF netlist file ex2vf.edif ...
ngc2edif: Total memory usage is 111652 kilobytes

Parsing EDIF File [./planAhead_run_2/ex1vf.data/cache/ex2vf_ngc_zx.edif]
Finished Parsing EDIF File [./planAhead_run_2/ex1vf.data/cache/ex2vf_ngc_zx.edif]
INFO: [Designutils 20-910] Reading macro library C:/Xilinx/14.7/ISE_DS/PlanAhead/data\./parts/xilinx/spartan3/hd_int_macros.edn
Parsing EDIF File [C:/Xilinx/14.7/ISE_DS/PlanAhead/data\./parts/xilinx/spartan3/hd_int_macros.edn]
Finished Parsing EDIF File [C:/Xilinx/14.7/ISE_DS/PlanAhead/data\./parts/xilinx/spartan3/hd_int_macros.edn]
Loading clock regions from C:/Xilinx/14.7/ISE_DS/PlanAhead/data\parts/xilinx/spartan3/spartan3/xc3s400/ClockRegion.xml
Loading clock buffers from C:/Xilinx/14.7/ISE_DS/PlanAhead/data\parts/xilinx/spartan3/spartan3/xc3s400/ClockBuffers.xml
Loading package from C:/Xilinx/14.7/ISE_DS/PlanAhead/data\parts/xilinx/spartan3/spartan3/xc3s400/tq144/Package.xml
Loading io standards from C:/Xilinx/14.7/ISE_DS/PlanAhead/data\./parts/xilinx/spartan3/IOStandards.xml
INFO: [Device 21-19] Loading pkg sso from C:/Xilinx/14.7/ISE_DS/PlanAhead/data\parts/xilinx/spartan3/spartan3/xc3s400/tq144/SSORules.xml
Loading list of drcs for the architecture : C:/Xilinx/14.7/ISE_DS/PlanAhead/data\./parts/xilinx/spartan3/drc.xml
INFO: [Timing 38-77] Reading timing library C:/Xilinx/14.7/ISE_DS/PlanAhead/data\parts/xilinx/spartan3/spartan3/spartan3-4.lib.
INFO: [Timing 38-34] Done reading timing library C:/Xilinx/14.7/ISE_DS/PlanAhead/data\parts/xilinx/spartan3/spartan3/spartan3-4.lib.
Parsing UCF File [C:/Users/Bermuda/Desktop/ch2v/ex1vf/ex2vf.ucf]
Finished Parsing UCF File [C:/Users/Bermuda/Desktop/ch2v/ex1vf/ex2vf.ucf]
INFO: [Project 1-111] Unisim Transformation Summary:
No Unisim elements were transformed.

Phase 0 | Netlist Checksum: b8a55221
link_design: Time (s): elapsed = 00:00:17 . Memory (MB): peak = 485.898 ; gain = 74.633
exit
ERROR: [PlanAhead 12-106] *** Exception: ui.h.b: Found deleted key in HTclEventBroker. Verify if the classes listed here call cleanup()
HTclEvent: SIGNAL_BUS_MODIFY   Classes: ui.views.aR 
HTclEvent: DEBUG_CORE_CONFIG_CHANGE   Classes: ui.views.aR 
HTclEvent: DEBUG_PORT_CONFIG_CHANGE   Classes: ui.views.aR 
HTclEvent: SIGNAL_MODIFY   Classes: ui.views.aR 
 (See C:/Users/Bermuda/Desktop/ch2v/ex1vf\planAhead_pid5404.debug)
ERROR: [Common 17-39] 'stop_gui' failed due to earlier errors.
INFO: [Common 17-206] Exiting PlanAhead at Mon Jan 22 13:40:12 2018...
INFO: [Common 17-83] Releasing license: PlanAhead
